<?xml version="1.0" encoding="UTF-8"?>
<testsuites name="View Movie Info" time="48.741" tests="1" failures="0" errors="0">
   <testsuite name="View Movie Info" tests="1" failures="0" errors="0" time="48.741" skipped="0" timestamp="2023-11-17 10:40:31" hostname="REG-LPT-173 - DESKTOP-DUPDD44" id="Test Suites/View Movie Info">
      <properties>
[...]
</properties>
      <testcase name="Test Cases/View Movie Info/TC_CinemaApp_ML_VI_01" time="48.435" classname="Test Cases/View Movie Info/TC_CinemaApp_ML_VI_01" status="PASSED">
         <system-out><![CDATA[2023-11-17 10:40:31 - [TEST_CASE][PASSED] - Test Cases/View Movie Info/TC_CinemaApp_ML_VI_01: Test Cases/View Movie Info/TC_CinemaApp_ML_VI_01

2023-11-17 10:40:32 - [TEST_STEP][PASSED] - startApplication("C:\Users\REG-LPT-173\Downloads\movie-app-release\movie-app-release.apk", true): Started app at: 'C:\Users\REG-LPT-173\Downloads\movie-app-release\movie-app-release.apk'

2023-11-17 10:40:32 - [MESSAGE][INFO] - Detected NodeJS location: "C:\Program Files\nodejs\node.exe"

2023-11-17 10:40:34 - [MESSAGE][INFO] - Appium server started on port 50,557

2023-11-17 10:40:56 - [MESSAGE][PASSED] - Started app at: 'C:\Users\REG-LPT-173\Downloads\movie-app-release\movie-app-release.apk'

2023-11-17 10:40:56 - [TEST_STEP][PASSED] - tap(findTestObject("View Movie Info/First movie container"), 0): Tapped on element 'Object Repository/View Movie Info/First movie container'

2023-11-17 10:40:56 - [MESSAGE][WARNING] - Timeout '0' is invalid. Using default page load timeout: '30'

2023-11-17 10:40:57 - [MESSAGE][PASSED] - Tapped on element 'Object Repository/View Movie Info/First movie container'

2023-11-17 10:40:57 - [TEST_STEP][PASSED] - delay(2, STOP_ON_FAILURE): Delayed 2 second(s)

2023-11-17 10:40:59 - [MESSAGE][PASSED] - Delayed 2 second(s)

2023-11-17 10:40:59 - [TEST_STEP][PASSED] - takeScreenshot("View Movie Info", STOP_ON_FAILURE): Screenshot is taken

2023-11-17 10:41:00 - [MESSAGE][PASSED] - Screenshot is taken
[[ATTACHMENT|C:\\Users\\REG-LPT-173\\Katalon Studio\\Cinema App (FAVE)\\Reports\\20231117_104023\\View Movie Info\\20231117_104023\\View Movie Info]]

2023-11-17 10:41:00 - [TEST_STEP][PASSED] - tap(findTestObject("View Movie Info/Click Back button"), 0): Tapped on element 'Object Repository/View Movie Info/Click Back button'

2023-11-17 10:41:00 - [MESSAGE][WARNING] - Timeout '0' is invalid. Using default page load timeout: '30'

2023-11-17 10:41:01 - [MESSAGE][PASSED] - Tapped on element 'Object Repository/View Movie Info/Click Back button'

2023-11-17 10:41:01 - [TEST_STEP][PASSED] - tap(findTestObject("View Movie Info/Third movie container"), 0): Tapped on element 'Object Repository/View Movie Info/Third movie container'

2023-11-17 10:41:01 - [MESSAGE][WARNING] - Timeout '0' is invalid. Using default page load timeout: '30'

2023-11-17 10:41:02 - [MESSAGE][PASSED] - Tapped on element 'Object Repository/View Movie Info/Third movie container'

2023-11-17 10:41:02 - [TEST_STEP][PASSED] - delay(2, STOP_ON_FAILURE): Delayed 2 second(s)

2023-11-17 10:41:04 - [MESSAGE][PASSED] - Delayed 2 second(s)

2023-11-17 10:41:04 - [TEST_STEP][PASSED] - takeScreenshot("View Movie Info", STOP_ON_FAILURE): Screenshot is taken

2023-11-17 10:41:04 - [MESSAGE][PASSED] - Screenshot is taken
[[ATTACHMENT|C:\\Users\\REG-LPT-173\\Katalon Studio\\Cinema App (FAVE)\\Reports\\20231117_104023\\View Movie Info\\20231117_104023\\View Movie Info]]

2023-11-17 10:41:04 - [TEST_STEP][PASSED] - tap(findTestObject("View Movie Info/Click Back button"), 0): Tapped on element 'Object Repository/View Movie Info/Click Back button'

2023-11-17 10:41:04 - [MESSAGE][WARNING] - Timeout '0' is invalid. Using default page load timeout: '30'

2023-11-17 10:41:05 - [MESSAGE][PASSED] - Tapped on element 'Object Repository/View Movie Info/Click Back button'

2023-11-17 10:41:05 - [TEST_STEP][PASSED] - tap(findTestObject("View Movie Info/Fifth movie container"), 0): Tapped on element 'Object Repository/View Movie Info/Fifth movie container'

2023-11-17 10:41:05 - [MESSAGE][WARNING] - Timeout '0' is invalid. Using default page load timeout: '30'

2023-11-17 10:41:06 - [MESSAGE][PASSED] - Tapped on element 'Object Repository/View Movie Info/Fifth movie container'

2023-11-17 10:41:06 - [TEST_STEP][PASSED] - delay(2, STOP_ON_FAILURE): Delayed 2 second(s)

2023-11-17 10:41:08 - [MESSAGE][PASSED] - Delayed 2 second(s)

2023-11-17 10:41:08 - [TEST_STEP][PASSED] - takeScreenshot("View Movie Info", STOP_ON_FAILURE): Screenshot is taken

2023-11-17 10:41:09 - [MESSAGE][PASSED] - Screenshot is taken
[[ATTACHMENT|C:\\Users\\REG-LPT-173\\Katalon Studio\\Cinema App (FAVE)\\Reports\\20231117_104023\\View Movie Info\\20231117_104023\\View Movie Info]]

2023-11-17 10:41:09 - [TEST_STEP][PASSED] - tap(findTestObject("View Movie Info/Click Back button"), 0): Tapped on element 'Object Repository/View Movie Info/Click Back button'

2023-11-17 10:41:09 - [MESSAGE][WARNING] - Timeout '0' is invalid. Using default page load timeout: '30'

2023-11-17 10:41:09 - [MESSAGE][PASSED] - Tapped on element 'Object Repository/View Movie Info/Click Back button'

2023-11-17 10:41:09 - [TEST_STEP][PASSED] - tap(findTestObject("View Movie Info/Seventh movie container"), 0): Tapped on element 'Object Repository/View Movie Info/Seventh movie container'

2023-11-17 10:41:09 - [MESSAGE][WARNING] - Timeout '0' is invalid. Using default page load timeout: '30'

2023-11-17 10:41:10 - [MESSAGE][PASSED] - Tapped on element 'Object Repository/View Movie Info/Seventh movie container'

2023-11-17 10:41:10 - [TEST_STEP][PASSED] - delay(2, STOP_ON_FAILURE): Delayed 2 second(s)

2023-11-17 10:41:12 - [MESSAGE][PASSED] - Delayed 2 second(s)

2023-11-17 10:41:12 - [TEST_STEP][PASSED] - takeScreenshot("View Movie Info", STOP_ON_FAILURE): Screenshot is taken

2023-11-17 10:41:13 - [MESSAGE][PASSED] - Screenshot is taken
[[ATTACHMENT|C:\\Users\\REG-LPT-173\\Katalon Studio\\Cinema App (FAVE)\\Reports\\20231117_104023\\View Movie Info\\20231117_104023\\View Movie Info]]

2023-11-17 10:41:13 - [TEST_STEP][PASSED] - tap(findTestObject("View Movie Info/Click Back button"), 0): Tapped on element 'Object Repository/View Movie Info/Click Back button'

2023-11-17 10:41:13 - [MESSAGE][WARNING] - Timeout '0' is invalid. Using default page load timeout: '30'

2023-11-17 10:41:13 - [MESSAGE][PASSED] - Tapped on element 'Object Repository/View Movie Info/Click Back button'

2023-11-17 10:41:13 - [TEST_STEP][PASSED] - tap(findTestObject("View Movie Info/Ninth movie container"), 0): Tapped on element 'Object Repository/View Movie Info/Ninth movie container'

2023-11-17 10:41:13 - [MESSAGE][WARNING] - Timeout '0' is invalid. Using default page load timeout: '30'

2023-11-17 10:41:14 - [MESSAGE][PASSED] - Tapped on element 'Object Repository/View Movie Info/Ninth movie container'

2023-11-17 10:41:14 - [TEST_STEP][PASSED] - delay(2, STOP_ON_FAILURE): Delayed 2 second(s)

2023-11-17 10:41:16 - [MESSAGE][PASSED] - Delayed 2 second(s)

2023-11-17 10:41:16 - [TEST_STEP][PASSED] - takeScreenshot("View Movie Info", STOP_ON_FAILURE): Screenshot is taken

2023-11-17 10:41:17 - [MESSAGE][PASSED] - Screenshot is taken
[[ATTACHMENT|C:\\Users\\REG-LPT-173\\Katalon Studio\\Cinema App (FAVE)\\Reports\\20231117_104023\\View Movie Info\\20231117_104023\\View Movie Info]]

2023-11-17 10:41:17 - [TEST_STEP][PASSED] - tap(findTestObject("View Movie Info/Click Back button"), 0): Tapped on element 'Object Repository/View Movie Info/Click Back button'

2023-11-17 10:41:17 - [MESSAGE][WARNING] - Timeout '0' is invalid. Using default page load timeout: '30'

2023-11-17 10:41:18 - [MESSAGE][PASSED] - Tapped on element 'Object Repository/View Movie Info/Click Back button'

2023-11-17 10:41:18 - [TEST_STEP][PASSED] - closeApplication(): Close app successfully

2023-11-17 10:41:19 - [MESSAGE][PASSED] - Close app successfully]]></system-out>
         <system-err><![CDATA[]]></system-err>
      </testcase>
      <system-out><![CDATA[2023-11-17 10:40:31 - [TEST_SUITE][PASSED] - View Movie Info: Test Cases/View Movie Info/TC_CinemaApp_ML_VI_01]]></system-out>
      <system-err><![CDATA[]]></system-err>
   </testsuite>
</testsuites>
